2023-12-15-09 INFO [main]-
                org.springframework.boot.StartupInfoLogger:55>>Starting ApiApplication using Java 1.8.0_333 on DESKTOP-CR1CD6J with PID 25128 (F:\projects\mall-main\api\target\classes started by Administrator in F:\projects\mall-main)
2023-12-15-09 INFO [main]-
                org.springframework.boot.SpringApplication:631>>No active profile set, falling back to 1 default profile: "default"
2023-12-15-09 INFO [main]-
                org.springframework.data.repository.config.RepositoryConfigurationDelegate:262>>Multiple Spring Data modules found, entering strict repository configuration mode
2023-12-15-09 INFO [main]-
                org.springframework.data.repository.config.RepositoryConfigurationDelegate:132>>Bootstrapping Spring Data Redis repositories in DEFAULT mode.
2023-12-15-09 INFO [main]-
                org.springframework.data.repository.config.RepositoryConfigurationDelegate:201>>Finished Spring Data repository scanning in 40 ms. Found 0 Redis repository interfaces.
2023-12-15-09 WARN [main]-
                org.mybatis.logging.Logger:44>>No MyBatis mapper was found in '[com.kzh]' package. Please check your configuration.
2023-12-15-09 INFO [main]-
                org.springframework.boot.web.embedded.tomcat.TomcatWebServer:108>>Tomcat initialized with port(s): 8080 (http)
2023-12-15-09 INFO [main]-
                org.apache.juli.logging.DirectJDKLog:173>>Initializing ProtocolHandler ["http-nio-8080"]
2023-12-15-09 INFO [main]-
                org.apache.juli.logging.DirectJDKLog:173>>Starting service [Tomcat]
2023-12-15-09 INFO [main]-
                org.apache.juli.logging.DirectJDKLog:173>>Starting Servlet engine: [Apache Tomcat/9.0.73]
2023-12-15-09 INFO [main]-
                org.apache.juli.logging.DirectJDKLog:173>>Initializing Spring embedded WebApplicationContext
2023-12-15-09 INFO [main]-
                org.springframework.boot.web.servlet.context.ServletWebServerApplicationContext:292>>Root WebApplicationContext: initialization completed in 3453 ms
2023-12-15-09 INFO [main]-
                com.alibaba.druid.spring.boot.autoconfigure.DruidDataSourceAutoConfigure:56>>Init DruidDataSource
2023-12-15-09 INFO [main]-
                com.alibaba.druid.pool.DruidDataSource:994>>{dataSource-1} inited
2023-12-15-09 INFO [main]-
                tk.mybatis.mapper.autoconfigure.MapperCacheDisabler:60>>Clear tk.mybatis.mapper.util.MsUtil CLASS_CACHE cache.
2023-12-15-09 INFO [main]-
                tk.mybatis.mapper.autoconfigure.MapperCacheDisabler:60>>Clear tk.mybatis.mapper.genid.GenIdUtil CACHE cache.
2023-12-15-09 INFO [main]-
                tk.mybatis.mapper.autoconfigure.MapperCacheDisabler:60>>Clear tk.mybatis.mapper.version.VersionUtil CACHE cache.
2023-12-15-09 INFO [main]-
                tk.mybatis.mapper.autoconfigure.MapperCacheDisabler:83>>Clear EntityHelper entityTableMap cache.
2023-12-15-09 INFO [main]-
                org.quartz.impl.StdSchedulerFactory:1220>>Using default implementation for ThreadExecutor
2023-12-15-09 INFO [main]-
                org.quartz.core.SchedulerSignalerImpl:61>>Initialized Scheduler Signaller of type: class org.quartz.core.SchedulerSignalerImpl
2023-12-15-09 INFO [main]-
                org.quartz.core.QuartzScheduler:229>>Quartz Scheduler v.2.3.2 created.
2023-12-15-09 INFO [main]-
                org.quartz.simpl.RAMJobStore:155>>RAMJobStore initialized.
2023-12-15-09 INFO [main]-
                org.quartz.core.QuartzScheduler:294>>Scheduler meta-data: Quartz Scheduler (v2.3.2) 'quartzScheduler' with instanceId 'NON_CLUSTERED'
  Scheduler class: 'org.quartz.core.QuartzScheduler' - running locally.
  NOT STARTED.
  Currently in standby mode.
  Number of jobs executed: 0
  Using thread pool 'org.quartz.simpl.SimpleThreadPool' - with 10 threads.
  Using job-store 'org.quartz.simpl.RAMJobStore' - which does not support persistence. and is not clustered.

2023-12-15-09 INFO [main]-
                org.quartz.impl.StdSchedulerFactory:1374>>Quartz scheduler 'quartzScheduler' initialized from an externally provided properties instance.
2023-12-15-09 INFO [main]-
                org.quartz.impl.StdSchedulerFactory:1378>>Quartz scheduler version: 2.3.2
2023-12-15-09 INFO [main]-
                org.quartz.core.QuartzScheduler:2293>>JobFactory set to: org.springframework.scheduling.quartz.SpringBeanJobFactory@4044589a
2023-12-15-09 INFO [main]-
                org.apache.juli.logging.DirectJDKLog:173>>Starting ProtocolHandler ["http-nio-8080"]
2023-12-15-09 INFO [main]-
                org.springframework.boot.web.embedded.tomcat.TomcatWebServer:220>>Tomcat started on port(s): 8080 (http) with context path ''
2023-12-15-09 WARN [main]-
                springfox.documentation.swagger.readers.operation.OperationImplicitParameterReader:170>>Unable to interpret the implicit parameter configuration with dataType: string, dataTypeClass: class java.lang.Void
2023-12-15-09 WARN [main]-
                springfox.documentation.swagger.readers.operation.OperationImplicitParameterReader:170>>Unable to interpret the implicit parameter configuration with dataType: string, dataTypeClass: class java.lang.Void
2023-12-15-09 WARN [main]-
                springfox.documentation.swagger.readers.operation.OperationImplicitParameterReader:170>>Unable to interpret the implicit parameter configuration with dataType: int, dataTypeClass: class java.lang.Void
2023-12-15-09 WARN [main]-
                springfox.documentation.swagger.readers.operation.OperationImplicitParameterReader:170>>Unable to interpret the implicit parameter configuration with dataType: int, dataTypeClass: class java.lang.Void
2023-12-15-09 INFO [main]-
                org.springframework.scheduling.quartz.SchedulerFactoryBean:729>>Starting Quartz Scheduler now
2023-12-15-09 INFO [main]-
                org.quartz.core.QuartzScheduler:547>>Scheduler quartzScheduler_$_NON_CLUSTERED started.
2023-12-15-09 INFO [main]-
                org.springframework.boot.StartupInfoLogger:61>>Started ApiApplication in 7.945 seconds (JVM running for 9.909)
2023-12-15-09 INFO [http-nio-8080-exec-1]-
                org.apache.juli.logging.DirectJDKLog:173>>Initializing Spring DispatcherServlet 'dispatcherServlet'
2023-12-15-09 INFO [http-nio-8080-exec-1]-
                org.springframework.web.servlet.FrameworkServlet:525>>Initializing Servlet 'dispatcherServlet'
2023-12-15-09 INFO [http-nio-8080-exec-1]-
                org.springframework.web.servlet.FrameworkServlet:547>>Completed initialization in 1 ms
2023-12-15-09 ERROR [http-nio-8080-exec-4]-
                org.apache.juli.logging.DirectJDKLog:175>>Servlet.service() for servlet [dispatcherServlet] in context with path [] threw exception [Request processing failed; nested exception is org.springframework.data.redis.RedisConnectionFailureException: Unable to connect to Redis; nested exception is io.lettuce.core.RedisConnectionException: Unable to connect to localhost:6379] with root cause
java.net.ConnectException: Connection refused: no further information
	at sun.nio.ch.SocketChannelImpl.checkConnect(Native Method)
	at sun.nio.ch.SocketChannelImpl.finishConnect(SocketChannelImpl.java:715)
	at io.netty.channel.socket.nio.NioSocketChannel.doFinishConnect(NioSocketChannel.java:337)
	at io.netty.channel.nio.AbstractNioChannel$AbstractNioUnsafe.finishConnect(AbstractNioChannel.java:334)
	at io.netty.channel.nio.NioEventLoop.processSelectedKey(NioEventLoop.java:776)
	at io.netty.channel.nio.NioEventLoop.processSelectedKeysOptimized(NioEventLoop.java:724)
	at io.netty.channel.nio.NioEventLoop.processSelectedKeys(NioEventLoop.java:650)
	at io.netty.channel.nio.NioEventLoop.run(NioEventLoop.java:562)
	at io.netty.util.concurrent.SingleThreadEventExecutor$4.run(SingleThreadEventExecutor.java:997)
	at io.netty.util.internal.ThreadExecutorMap$2.run(ThreadExecutorMap.java:74)
	at io.netty.util.concurrent.FastThreadLocalRunnable.run(FastThreadLocalRunnable.java:30)
	at java.lang.Thread.run(Thread.java:750)
2023-12-15-09 INFO [http-nio-8080-exec-3]-
                com.kzh.service.impl.CategoryServiceImpl:32>>分类推荐查询成功
2023-12-15-09 ERROR [http-nio-8080-exec-9]-
                org.apache.juli.logging.DirectJDKLog:175>>Servlet.service() for servlet [dispatcherServlet] in context with path [] threw exception [Request processing failed; nested exception is org.springframework.data.redis.RedisConnectionFailureException: Unable to connect to Redis; nested exception is io.lettuce.core.RedisConnectionException: Unable to connect to localhost:6379] with root cause
java.net.ConnectException: Connection refused: no further information
	at sun.nio.ch.SocketChannelImpl.checkConnect(Native Method)
	at sun.nio.ch.SocketChannelImpl.finishConnect(SocketChannelImpl.java:715)
	at io.netty.channel.socket.nio.NioSocketChannel.doFinishConnect(NioSocketChannel.java:337)
	at io.netty.channel.nio.AbstractNioChannel$AbstractNioUnsafe.finishConnect(AbstractNioChannel.java:334)
	at io.netty.channel.nio.NioEventLoop.processSelectedKey(NioEventLoop.java:776)
	at io.netty.channel.nio.NioEventLoop.processSelectedKeysOptimized(NioEventLoop.java:724)
	at io.netty.channel.nio.NioEventLoop.processSelectedKeys(NioEventLoop.java:650)
	at io.netty.channel.nio.NioEventLoop.run(NioEventLoop.java:562)
	at io.netty.util.concurrent.SingleThreadEventExecutor$4.run(SingleThreadEventExecutor.java:997)
	at io.netty.util.internal.ThreadExecutorMap$2.run(ThreadExecutorMap.java:74)
	at io.netty.util.concurrent.FastThreadLocalRunnable.run(FastThreadLocalRunnable.java:30)
	at java.lang.Thread.run(Thread.java:750)
2023-12-15-09 INFO [http-nio-8080-exec-5]-
                com.kzh.service.impl.CategoryServiceImpl:32>>分类推荐查询成功
2023-12-15-09 INFO [http-nio-8080-exec-1]-
                com.kzh.service.impl.CategoryServiceImpl:32>>分类推荐查询成功
2023-12-15-09 ERROR [http-nio-8080-exec-6]-
                org.apache.juli.logging.DirectJDKLog:175>>Servlet.service() for servlet [dispatcherServlet] in context with path [] threw exception [Request processing failed; nested exception is org.springframework.data.redis.RedisConnectionFailureException: Unable to connect to Redis; nested exception is io.lettuce.core.RedisConnectionException: Unable to connect to localhost:6379] with root cause
java.net.ConnectException: Connection refused: no further information
	at sun.nio.ch.SocketChannelImpl.checkConnect(Native Method)
	at sun.nio.ch.SocketChannelImpl.finishConnect(SocketChannelImpl.java:715)
	at io.netty.channel.socket.nio.NioSocketChannel.doFinishConnect(NioSocketChannel.java:337)
	at io.netty.channel.nio.AbstractNioChannel$AbstractNioUnsafe.finishConnect(AbstractNioChannel.java:334)
	at io.netty.channel.nio.NioEventLoop.processSelectedKey(NioEventLoop.java:776)
	at io.netty.channel.nio.NioEventLoop.processSelectedKeysOptimized(NioEventLoop.java:724)
	at io.netty.channel.nio.NioEventLoop.processSelectedKeys(NioEventLoop.java:650)
	at io.netty.channel.nio.NioEventLoop.run(NioEventLoop.java:562)
	at io.netty.util.concurrent.SingleThreadEventExecutor$4.run(SingleThreadEventExecutor.java:997)
	at io.netty.util.internal.ThreadExecutorMap$2.run(ThreadExecutorMap.java:74)
	at io.netty.util.concurrent.FastThreadLocalRunnable.run(FastThreadLocalRunnable.java:30)
	at java.lang.Thread.run(Thread.java:750)
